[16-Apr-2022 20:27:50 UTC] PHP Warning:  mysqli_real_connect(): (HY000/1045): Access denied for user 'ben.rey'@'localhost' (using password: YES) in /Users/ben.rey/websites/masonandtheginline.com/wp-includes/wp-db.php on line 1753
[16-Apr-2022 21:09:18 UTC] PHP Notice:  getimagesize(): Read error! in /Users/ben.rey/websites/masonandtheginline.com/wp-includes/media.php on line 5165
[16-Apr-2022 21:09:18 UTC] PHP Notice:  exif_imagetype(): Read error! in /Users/ben.rey/websites/masonandtheginline.com/wp-includes/functions.php on line 3245
[16-Apr-2022 21:09:18 UTC] PHP Notice:  getimagesize(): Read error! in /Users/ben.rey/websites/masonandtheginline.com/wp-includes/media.php on line 5163
[16-Apr-2022 21:09:18 UTC] PHP Notice:  exif_imagetype(): Read error! in /Users/ben.rey/websites/masonandtheginline.com/wp-includes/functions.php on line 3245
[16-Apr-2022 21:09:18 UTC] PHP Deprecated:  wp_get_http is <strong>deprecated</strong> since version 4.4.0! Use WP_Http instead. in /Users/ben.rey/websites/masonandtheginline.com/wp-includes/functions.php on line 5323
[16-Apr-2022 21:09:20 UTC] PHP Notice:  getimagesize(): Read error! in /Users/ben.rey/websites/masonandtheginline.com/wp-includes/media.php on line 5165
[16-Apr-2022 21:09:20 UTC] PHP Notice:  exif_imagetype(): Read error! in /Users/ben.rey/websites/masonandtheginline.com/wp-includes/functions.php on line 3245
[16-Apr-2022 21:09:20 UTC] PHP Notice:  getimagesize(): Read error! in /Users/ben.rey/websites/masonandtheginline.com/wp-includes/media.php on line 5163
[16-Apr-2022 21:09:20 UTC] PHP Notice:  exif_imagetype(): Read error! in /Users/ben.rey/websites/masonandtheginline.com/wp-includes/functions.php on line 3245
[16-Apr-2022 21:09:20 UTC] PHP Deprecated:  wp_get_http is <strong>deprecated</strong> since version 4.4.0! Use WP_Http instead. in /Users/ben.rey/websites/masonandtheginline.com/wp-includes/functions.php on line 5323
[16-Apr-2022 21:09:21 UTC] PHP Notice:  getimagesize(): Read error! in /Users/ben.rey/websites/masonandtheginline.com/wp-includes/media.php on line 5165
[16-Apr-2022 21:09:21 UTC] PHP Notice:  exif_imagetype(): Read error! in /Users/ben.rey/websites/masonandtheginline.com/wp-includes/functions.php on line 3245
[16-Apr-2022 21:09:21 UTC] PHP Notice:  getimagesize(): Read error! in /Users/ben.rey/websites/masonandtheginline.com/wp-includes/media.php on line 5163
[16-Apr-2022 21:09:21 UTC] PHP Notice:  exif_imagetype(): Read error! in /Users/ben.rey/websites/masonandtheginline.com/wp-includes/functions.php on line 3245
[16-Apr-2022 21:09:21 UTC] PHP Deprecated:  wp_get_http is <strong>deprecated</strong> since version 4.4.0! Use WP_Http instead. in /Users/ben.rey/websites/masonandtheginline.com/wp-includes/functions.php on line 5323
[16-Apr-2022 21:09:21 UTC] PHP Notice:  Undefined index: general_tab in /Users/ben.rey/websites/masonandtheginline.com/wp-content/plugins/stm-motors-extends/inc/wpcfto_conf.php on line 159
[16-Apr-2022 21:09:21 UTC] PHP Notice:  Trying to access array offset on value of type null in /Users/ben.rey/websites/masonandtheginline.com/wp-content/plugins/stm-motors-extends/inc/wpcfto_conf.php on line 159
[16-Apr-2022 21:09:21 UTC] PHP Notice:  Trying to access array offset on value of type null in /Users/ben.rey/websites/masonandtheginline.com/wp-content/plugins/stm-motors-extends/inc/wpcfto_conf.php on line 159
[16-Apr-2022 21:09:21 UTC] PHP Notice:  Trying to access array offset on value of type null in /Users/ben.rey/websites/masonandtheginline.com/wp-content/plugins/stm-motors-extends/inc/wpcfto_conf.php on line 159
[16-Apr-2022 21:09:21 UTC] PHP Notice:  Undefined index: header in /Users/ben.rey/websites/masonandtheginline.com/wp-content/plugins/stm-motors-extends/inc/wpcfto_conf.php on line 160
[16-Apr-2022 21:09:21 UTC] PHP Notice:  Trying to access array offset on value of type null in /Users/ben.rey/websites/masonandtheginline.com/wp-content/plugins/stm-motors-extends/inc/wpcfto_conf.php on line 160
[16-Apr-2022 21:09:21 UTC] PHP Notice:  Trying to access array offset on value of type null in /Users/ben.rey/websites/masonandtheginline.com/wp-content/plugins/stm-motors-extends/inc/wpcfto_conf.php on line 160
[16-Apr-2022 21:09:21 UTC] PHP Notice:  Trying to access array offset on value of type null in /Users/ben.rey/websites/masonandtheginline.com/wp-content/plugins/stm-motors-extends/inc/wpcfto_conf.php on line 160
[16-Apr-2022 21:09:57 UTC] PHP Notice:  Trying to access array offset on value of type bool in /Users/ben.rey/websites/masonandtheginline.com/wp-content/themes/motors/vc_templates/stm_image_link.php on line 29
[16-Apr-2022 21:09:57 UTC] PHP Notice:  Trying to access array offset on value of type bool in /Users/ben.rey/websites/masonandtheginline.com/wp-content/themes/motors/vc_templates/stm_image_link.php on line 29
[16-Apr-2022 21:09:57 UTC] PHP Notice:  Trying to access array offset on value of type bool in /Users/ben.rey/websites/masonandtheginline.com/wp-content/themes/motors/vc_templates/stm_image_link.php on line 29
[16-Apr-2022 21:09:57 UTC] PHP Notice:  Trying to access array offset on value of type bool in /Users/ben.rey/websites/masonandtheginline.com/wp-content/themes/motors/vc_templates/stm_image_link.php on line 29
[16-Apr-2022 21:10:19 UTC] PHP Notice:  Undefined index: mode in /Users/ben.rey/websites/masonandtheginline.com/wp-content/plugins/stm-motors-extends/inc/wpcfto_conf.php on line 176
[16-Apr-2022 21:10:19 UTC] PHP Notice:  Undefined index: mode in /Users/ben.rey/websites/masonandtheginline.com/wp-content/plugins/stm-motors-extends/inc/wpcfto_conf.php on line 176
[16-Apr-2022 21:10:19 UTC] PHP Notice:  Undefined index: mode in /Users/ben.rey/websites/masonandtheginline.com/wp-content/plugins/stm-motors-extends/inc/wpcfto_conf.php on line 176
[16-Apr-2022 21:10:19 UTC] PHP Notice:  Undefined index: mode in /Users/ben.rey/websites/masonandtheginline.com/wp-content/plugins/stm-motors-extends/inc/wpcfto_conf.php on line 176
[16-Apr-2022 21:10:19 UTC] PHP Notice:  Undefined index: mode in /Users/ben.rey/websites/masonandtheginline.com/wp-content/plugins/stm-motors-extends/inc/wpcfto_conf.php on line 176
[16-Apr-2022 21:10:19 UTC] PHP Notice:  Undefined index: mode in /Users/ben.rey/websites/masonandtheginline.com/wp-content/plugins/stm-motors-extends/inc/wpcfto_conf.php on line 176
[16-Apr-2022 21:10:19 UTC] PHP Notice:  Undefined index: mode in /Users/ben.rey/websites/masonandtheginline.com/wp-content/plugins/stm-motors-extends/inc/wpcfto_conf.php on line 176
[16-Apr-2022 21:10:19 UTC] PHP Notice:  Undefined index: mode in /Users/ben.rey/websites/masonandtheginline.com/wp-content/plugins/stm-motors-extends/inc/wpcfto_conf.php on line 176
[16-Apr-2022 21:10:19 UTC] PHP Notice:  Undefined index: mode in /Users/ben.rey/websites/masonandtheginline.com/wp-content/plugins/stm-motors-extends/inc/wpcfto_conf.php on line 176
[16-Apr-2022 21:10:19 UTC] PHP Notice:  Undefined index: mode in /Users/ben.rey/websites/masonandtheginline.com/wp-content/plugins/stm-motors-extends/inc/wpcfto_conf.php on line 176
[16-Apr-2022 21:10:19 UTC] PHP Notice:  Undefined index: mode in /Users/ben.rey/websites/masonandtheginline.com/wp-content/plugins/stm-motors-extends/inc/wpcfto_conf.php on line 176
[17-Apr-2022 04:51:07 UTC] PHP Notice:  Trying to access array offset on value of type bool in /Users/ben.rey/websites/masonandtheginline.com/wp-content/themes/motors/vc_templates/stm_image_link.php on line 29
[17-Apr-2022 04:51:07 UTC] PHP Notice:  Trying to access array offset on value of type bool in /Users/ben.rey/websites/masonandtheginline.com/wp-content/themes/motors/vc_templates/stm_image_link.php on line 29
[17-Apr-2022 04:51:07 UTC] PHP Notice:  Trying to access array offset on value of type bool in /Users/ben.rey/websites/masonandtheginline.com/wp-content/themes/motors/vc_templates/stm_image_link.php on line 29
[17-Apr-2022 04:51:07 UTC] PHP Notice:  Trying to access array offset on value of type bool in /Users/ben.rey/websites/masonandtheginline.com/wp-content/themes/motors/vc_templates/stm_image_link.php on line 29
[17-Apr-2022 04:53:11 UTC] PHP Notice:  Trying to access array offset on value of type bool in /Users/ben.rey/websites/masonandtheginline.com/wp-content/themes/motors/vc_templates/stm_image_link.php on line 29
[17-Apr-2022 04:53:11 UTC] PHP Notice:  Trying to access array offset on value of type bool in /Users/ben.rey/websites/masonandtheginline.com/wp-content/themes/motors/vc_templates/stm_image_link.php on line 29
[17-Apr-2022 04:53:11 UTC] PHP Notice:  Trying to access array offset on value of type bool in /Users/ben.rey/websites/masonandtheginline.com/wp-content/themes/motors/vc_templates/stm_image_link.php on line 29
[17-Apr-2022 04:53:11 UTC] PHP Notice:  Trying to access array offset on value of type bool in /Users/ben.rey/websites/masonandtheginline.com/wp-content/themes/motors/vc_templates/stm_image_link.php on line 29
[17-Apr-2022 04:53:29 UTC] PHP Notice:  Trying to access array offset on value of type bool in /Users/ben.rey/websites/masonandtheginline.com/wp-content/themes/motors/vc_templates/stm_image_link.php on line 29
[17-Apr-2022 04:53:29 UTC] PHP Notice:  Trying to access array offset on value of type bool in /Users/ben.rey/websites/masonandtheginline.com/wp-content/themes/motors/vc_templates/stm_image_link.php on line 29
[17-Apr-2022 04:53:29 UTC] PHP Notice:  Trying to access array offset on value of type bool in /Users/ben.rey/websites/masonandtheginline.com/wp-content/themes/motors/vc_templates/stm_image_link.php on line 29
[17-Apr-2022 04:53:29 UTC] PHP Notice:  Trying to access array offset on value of type bool in /Users/ben.rey/websites/masonandtheginline.com/wp-content/themes/motors/vc_templates/stm_image_link.php on line 29
[17-Apr-2022 04:53:34 UTC] PHP Notice:  Trying to access array offset on value of type bool in /Users/ben.rey/websites/masonandtheginline.com/wp-content/themes/motors/vc_templates/stm_image_link.php on line 29
[17-Apr-2022 04:53:34 UTC] PHP Notice:  Trying to access array offset on value of type bool in /Users/ben.rey/websites/masonandtheginline.com/wp-content/themes/motors/vc_templates/stm_image_link.php on line 29
[17-Apr-2022 04:53:34 UTC] PHP Notice:  Trying to access array offset on value of type bool in /Users/ben.rey/websites/masonandtheginline.com/wp-content/themes/motors/vc_templates/stm_image_link.php on line 29
[17-Apr-2022 04:53:34 UTC] PHP Notice:  Trying to access array offset on value of type bool in /Users/ben.rey/websites/masonandtheginline.com/wp-content/themes/motors/vc_templates/stm_image_link.php on line 29
[17-Apr-2022 04:53:40 UTC] PHP Notice:  Trying to access array offset on value of type bool in /Users/ben.rey/websites/masonandtheginline.com/wp-content/themes/motors/vc_templates/stm_image_link.php on line 29
[17-Apr-2022 04:53:40 UTC] PHP Notice:  Trying to access array offset on value of type bool in /Users/ben.rey/websites/masonandtheginline.com/wp-content/themes/motors/vc_templates/stm_image_link.php on line 29
[17-Apr-2022 04:53:40 UTC] PHP Notice:  Trying to access array offset on value of type bool in /Users/ben.rey/websites/masonandtheginline.com/wp-content/themes/motors/vc_templates/stm_image_link.php on line 29
[17-Apr-2022 04:53:40 UTC] PHP Notice:  Trying to access array offset on value of type bool in /Users/ben.rey/websites/masonandtheginline.com/wp-content/themes/motors/vc_templates/stm_image_link.php on line 29
[17-Apr-2022 04:55:44 UTC] PHP Notice:  Trying to access array offset on value of type bool in /Users/ben.rey/websites/masonandtheginline.com/wp-content/themes/motors/vc_templates/stm_image_link.php on line 29
[17-Apr-2022 04:55:44 UTC] PHP Notice:  Trying to access array offset on value of type bool in /Users/ben.rey/websites/masonandtheginline.com/wp-content/themes/motors/vc_templates/stm_image_link.php on line 29
[17-Apr-2022 04:55:44 UTC] PHP Notice:  Trying to access array offset on value of type bool in /Users/ben.rey/websites/masonandtheginline.com/wp-content/themes/motors/vc_templates/stm_image_link.php on line 29
[17-Apr-2022 04:55:44 UTC] PHP Notice:  Trying to access array offset on value of type bool in /Users/ben.rey/websites/masonandtheginline.com/wp-content/themes/motors/vc_templates/stm_image_link.php on line 29
[17-Apr-2022 04:56:23 UTC] PHP Notice:  Trying to access array offset on value of type bool in /Users/ben.rey/websites/masonandtheginline.com/wp-content/themes/motors/vc_templates/stm_image_link.php on line 29
[17-Apr-2022 04:56:23 UTC] PHP Notice:  Trying to access array offset on value of type bool in /Users/ben.rey/websites/masonandtheginline.com/wp-content/themes/motors/vc_templates/stm_image_link.php on line 29
[17-Apr-2022 04:56:23 UTC] PHP Notice:  Trying to access array offset on value of type bool in /Users/ben.rey/websites/masonandtheginline.com/wp-content/themes/motors/vc_templates/stm_image_link.php on line 29
[17-Apr-2022 04:56:23 UTC] PHP Notice:  Trying to access array offset on value of type bool in /Users/ben.rey/websites/masonandtheginline.com/wp-content/themes/motors/vc_templates/stm_image_link.php on line 29
[17-Apr-2022 11:42:50 UTC] PHP Notice:  Trying to access array offset on value of type bool in /Users/ben.rey/websites/masonandtheginline.com/wp-content/themes/motors/vc_templates/stm_image_link.php on line 29
[17-Apr-2022 11:42:50 UTC] PHP Notice:  Trying to access array offset on value of type bool in /Users/ben.rey/websites/masonandtheginline.com/wp-content/themes/motors/vc_templates/stm_image_link.php on line 29
[17-Apr-2022 11:42:50 UTC] PHP Notice:  Trying to access array offset on value of type bool in /Users/ben.rey/websites/masonandtheginline.com/wp-content/themes/motors/vc_templates/stm_image_link.php on line 29
[17-Apr-2022 11:42:50 UTC] PHP Notice:  Trying to access array offset on value of type bool in /Users/ben.rey/websites/masonandtheginline.com/wp-content/themes/motors/vc_templates/stm_image_link.php on line 29
[17-Apr-2022 11:46:39 UTC] PHP Notice:  Trying to access array offset on value of type bool in /Users/ben.rey/websites/masonandtheginline.com/wp-content/themes/motors/vc_templates/stm_image_link.php on line 29
[17-Apr-2022 11:46:39 UTC] PHP Notice:  Trying to access array offset on value of type bool in /Users/ben.rey/websites/masonandtheginline.com/wp-content/themes/motors/vc_templates/stm_image_link.php on line 29
[17-Apr-2022 11:46:39 UTC] PHP Notice:  Trying to access array offset on value of type bool in /Users/ben.rey/websites/masonandtheginline.com/wp-content/themes/motors/vc_templates/stm_image_link.php on line 29
[17-Apr-2022 11:46:39 UTC] PHP Notice:  Trying to access array offset on value of type bool in /Users/ben.rey/websites/masonandtheginline.com/wp-content/themes/motors/vc_templates/stm_image_link.php on line 29
[17-Apr-2022 12:30:22 UTC] PHP Notice:  Trying to access array offset on value of type bool in /Users/ben.rey/websites/protechbw/wp-content/themes/motors/vc_templates/stm_image_link.php on line 29
[17-Apr-2022 12:30:22 UTC] PHP Notice:  Trying to access array offset on value of type bool in /Users/ben.rey/websites/protechbw/wp-content/themes/motors/vc_templates/stm_image_link.php on line 29
[17-Apr-2022 12:30:22 UTC] PHP Notice:  Trying to access array offset on value of type bool in /Users/ben.rey/websites/protechbw/wp-content/themes/motors/vc_templates/stm_image_link.php on line 29
[17-Apr-2022 12:30:22 UTC] PHP Notice:  Trying to access array offset on value of type bool in /Users/ben.rey/websites/protechbw/wp-content/themes/motors/vc_templates/stm_image_link.php on line 29
[17-Apr-2022 12:30:40 UTC] PHP Notice:  Trying to access array offset on value of type bool in /Users/ben.rey/websites/protechbw/wp-content/themes/motors/vc_templates/stm_image_link.php on line 29
[17-Apr-2022 12:30:40 UTC] PHP Notice:  Trying to access array offset on value of type bool in /Users/ben.rey/websites/protechbw/wp-content/themes/motors/vc_templates/stm_image_link.php on line 29
[17-Apr-2022 12:30:40 UTC] PHP Notice:  Trying to access array offset on value of type bool in /Users/ben.rey/websites/protechbw/wp-content/themes/motors/vc_templates/stm_image_link.php on line 29
[17-Apr-2022 12:30:40 UTC] PHP Notice:  Trying to access array offset on value of type bool in /Users/ben.rey/websites/protechbw/wp-content/themes/motors/vc_templates/stm_image_link.php on line 29
[17-Apr-2022 12:30:45 UTC] PHP Notice:  Trying to access array offset on value of type bool in /Users/ben.rey/websites/protechbw/wp-content/themes/motors/vc_templates/stm_image_link.php on line 29
[17-Apr-2022 12:30:45 UTC] PHP Notice:  Trying to access array offset on value of type bool in /Users/ben.rey/websites/protechbw/wp-content/themes/motors/vc_templates/stm_image_link.php on line 29
[17-Apr-2022 12:30:45 UTC] PHP Notice:  Trying to access array offset on value of type bool in /Users/ben.rey/websites/protechbw/wp-content/themes/motors/vc_templates/stm_image_link.php on line 29
[17-Apr-2022 12:30:45 UTC] PHP Notice:  Trying to access array offset on value of type bool in /Users/ben.rey/websites/protechbw/wp-content/themes/motors/vc_templates/stm_image_link.php on line 29
[17-Apr-2022 12:31:51 UTC] PHP Deprecated:  block_categories is <strong>deprecated</strong> since version 5.8.0! Use block_categories_all instead. in /Users/ben.rey/websites/protechbw/wp-includes/functions.php on line 5698
[17-Apr-2022 12:31:51 UTC] PHP Deprecated:  block_categories is <strong>deprecated</strong> since version 5.8.0! Use block_categories_all instead. in /Users/ben.rey/websites/protechbw/wp-includes/functions.php on line 5698
[17-Apr-2022 12:39:33 UTC] PHP Deprecated:  block_categories is <strong>deprecated</strong> since version 5.8.0! Use block_categories_all instead. in /Users/ben.rey/websites/protechbw/wp-includes/functions.php on line 5698
[17-Apr-2022 12:39:33 UTC] PHP Deprecated:  block_categories is <strong>deprecated</strong> since version 5.8.0! Use block_categories_all instead. in /Users/ben.rey/websites/protechbw/wp-includes/functions.php on line 5698
[17-Apr-2022 12:39:58 UTC] PHP Deprecated:  block_categories is <strong>deprecated</strong> since version 5.8.0! Use block_categories_all instead. in /Users/ben.rey/websites/protechbw/wp-includes/functions.php on line 5698
[17-Apr-2022 12:39:58 UTC] PHP Deprecated:  block_categories is <strong>deprecated</strong> since version 5.8.0! Use block_categories_all instead. in /Users/ben.rey/websites/protechbw/wp-includes/functions.php on line 5698
[17-Apr-2022 12:41:58 UTC] PHP Deprecated:  block_categories is <strong>deprecated</strong> since version 5.8.0! Use block_categories_all instead. in /Users/ben.rey/websites/protechbw/wp-includes/functions.php on line 5698
[17-Apr-2022 12:41:58 UTC] PHP Deprecated:  block_categories is <strong>deprecated</strong> since version 5.8.0! Use block_categories_all instead. in /Users/ben.rey/websites/protechbw/wp-includes/functions.php on line 5698
[17-Apr-2022 12:42:08 UTC] PHP Notice:  Trying to access array offset on value of type bool in /Users/ben.rey/websites/protechbw/wp-content/themes/motors/vc_templates/stm_image_link.php on line 29
[17-Apr-2022 12:42:08 UTC] PHP Notice:  Trying to access array offset on value of type bool in /Users/ben.rey/websites/protechbw/wp-content/themes/motors/vc_templates/stm_image_link.php on line 29
[17-Apr-2022 12:42:08 UTC] PHP Notice:  Trying to access array offset on value of type bool in /Users/ben.rey/websites/protechbw/wp-content/themes/motors/vc_templates/stm_image_link.php on line 29
[17-Apr-2022 12:42:08 UTC] PHP Notice:  Trying to access array offset on value of type bool in /Users/ben.rey/websites/protechbw/wp-content/themes/motors/vc_templates/stm_image_link.php on line 29
[17-Apr-2022 12:42:39 UTC] PHP Notice:  Trying to access array offset on value of type bool in /Users/ben.rey/websites/protechbw/wp-content/themes/motors/vc_templates/stm_image_link.php on line 29
[17-Apr-2022 12:42:39 UTC] PHP Notice:  Trying to access array offset on value of type bool in /Users/ben.rey/websites/protechbw/wp-content/themes/motors/vc_templates/stm_image_link.php on line 29
[17-Apr-2022 12:42:39 UTC] PHP Notice:  Trying to access array offset on value of type bool in /Users/ben.rey/websites/protechbw/wp-content/themes/motors/vc_templates/stm_image_link.php on line 29
[17-Apr-2022 12:42:39 UTC] PHP Notice:  Trying to access array offset on value of type bool in /Users/ben.rey/websites/protechbw/wp-content/themes/motors/vc_templates/stm_image_link.php on line 29
[17-Apr-2022 12:42:40 UTC] PHP Notice:  Trying to access array offset on value of type bool in /Users/ben.rey/websites/protechbw/wp-content/themes/motors/vc_templates/stm_image_link.php on line 29
[17-Apr-2022 12:42:40 UTC] PHP Notice:  Trying to access array offset on value of type bool in /Users/ben.rey/websites/protechbw/wp-content/themes/motors/vc_templates/stm_image_link.php on line 29
[17-Apr-2022 12:42:40 UTC] PHP Notice:  Trying to access array offset on value of type bool in /Users/ben.rey/websites/protechbw/wp-content/themes/motors/vc_templates/stm_image_link.php on line 29
[17-Apr-2022 12:42:40 UTC] PHP Notice:  Trying to access array offset on value of type bool in /Users/ben.rey/websites/protechbw/wp-content/themes/motors/vc_templates/stm_image_link.php on line 29
[17-Apr-2022 12:43:03 UTC] PHP Notice:  Trying to access array offset on value of type null in /Users/ben.rey/websites/protechbw/wp-content/themes/motors/inc/visual_composer.php on line 5612
[17-Apr-2022 12:43:03 UTC] PHP Warning:  Invalid argument supplied for foreach() in /Users/ben.rey/websites/protechbw/wp-content/themes/motors/inc/visual_composer.php on line 5612
[17-Apr-2022 12:44:01 UTC] PHP Notice:  Trying to access array offset on value of type bool in /Users/ben.rey/websites/protechbw/wp-content/themes/motors/vc_templates/stm_image_link.php on line 29
[17-Apr-2022 12:44:01 UTC] PHP Notice:  Trying to access array offset on value of type bool in /Users/ben.rey/websites/protechbw/wp-content/themes/motors/vc_templates/stm_image_link.php on line 29
[17-Apr-2022 12:44:01 UTC] PHP Notice:  Trying to access array offset on value of type bool in /Users/ben.rey/websites/protechbw/wp-content/themes/motors/vc_templates/stm_image_link.php on line 29
[17-Apr-2022 12:44:01 UTC] PHP Notice:  Trying to access array offset on value of type bool in /Users/ben.rey/websites/protechbw/wp-content/themes/motors/vc_templates/stm_image_link.php on line 29
[17-Apr-2022 12:44:16 UTC] PHP Notice:  Trying to access array offset on value of type null in /Users/ben.rey/websites/protechbw/wp-content/themes/motors/inc/visual_composer.php on line 5612
[17-Apr-2022 12:44:16 UTC] PHP Warning:  Invalid argument supplied for foreach() in /Users/ben.rey/websites/protechbw/wp-content/themes/motors/inc/visual_composer.php on line 5612
[17-Apr-2022 12:44:33 UTC] PHP Notice:  Trying to access array offset on value of type bool in /Users/ben.rey/websites/protechbw/wp-content/themes/motors/vc_templates/stm_image_link.php on line 29
[17-Apr-2022 12:44:33 UTC] PHP Notice:  Trying to access array offset on value of type bool in /Users/ben.rey/websites/protechbw/wp-content/themes/motors/vc_templates/stm_image_link.php on line 29
[17-Apr-2022 12:44:33 UTC] PHP Notice:  Trying to access array offset on value of type bool in /Users/ben.rey/websites/protechbw/wp-content/themes/motors/vc_templates/stm_image_link.php on line 29
[17-Apr-2022 12:44:33 UTC] PHP Notice:  Trying to access array offset on value of type bool in /Users/ben.rey/websites/protechbw/wp-content/themes/motors/vc_templates/stm_image_link.php on line 29
[17-Apr-2022 12:45:32 UTC] PHP Notice:  Trying to access array offset on value of type bool in /Users/ben.rey/websites/protechbw/wp-content/themes/motors/vc_templates/stm_image_link.php on line 29
[17-Apr-2022 12:45:32 UTC] PHP Notice:  Trying to access array offset on value of type bool in /Users/ben.rey/websites/protechbw/wp-content/themes/motors/vc_templates/stm_image_link.php on line 29
[17-Apr-2022 12:45:32 UTC] PHP Notice:  Trying to access array offset on value of type bool in /Users/ben.rey/websites/protechbw/wp-content/themes/motors/vc_templates/stm_image_link.php on line 29
[17-Apr-2022 12:45:32 UTC] PHP Notice:  Trying to access array offset on value of type bool in /Users/ben.rey/websites/protechbw/wp-content/themes/motors/vc_templates/stm_image_link.php on line 29
[17-Apr-2022 12:46:13 UTC] PHP Notice:  Trying to access array offset on value of type null in /Users/ben.rey/websites/protechbw/wp-content/themes/motors/inc/visual_composer.php on line 5612
[17-Apr-2022 12:46:13 UTC] PHP Warning:  Invalid argument supplied for foreach() in /Users/ben.rey/websites/protechbw/wp-content/themes/motors/inc/visual_composer.php on line 5612
[17-Apr-2022 12:46:18 UTC] PHP Notice:  Trying to access array offset on value of type null in /Users/ben.rey/websites/protechbw/wp-content/themes/motors/inc/visual_composer.php on line 5612
[17-Apr-2022 12:46:18 UTC] PHP Warning:  Invalid argument supplied for foreach() in /Users/ben.rey/websites/protechbw/wp-content/themes/motors/inc/visual_composer.php on line 5612
[17-Apr-2022 12:46:33 UTC] PHP Notice:  Trying to access array offset on value of type bool in /Users/ben.rey/websites/protechbw/wp-content/themes/motors/vc_templates/stm_image_link.php on line 29
[17-Apr-2022 12:46:33 UTC] PHP Notice:  Trying to access array offset on value of type bool in /Users/ben.rey/websites/protechbw/wp-content/themes/motors/vc_templates/stm_image_link.php on line 29
[17-Apr-2022 12:46:33 UTC] PHP Notice:  Trying to access array offset on value of type bool in /Users/ben.rey/websites/protechbw/wp-content/themes/motors/vc_templates/stm_image_link.php on line 29
[17-Apr-2022 12:46:33 UTC] PHP Notice:  Trying to access array offset on value of type bool in /Users/ben.rey/websites/protechbw/wp-content/themes/motors/vc_templates/stm_image_link.php on line 29
[17-Apr-2022 12:46:48 UTC] PHP Notice:  Trying to access array offset on value of type null in /Users/ben.rey/websites/protechbw/wp-content/themes/motors/inc/visual_composer.php on line 5612
[17-Apr-2022 12:46:48 UTC] PHP Warning:  Invalid argument supplied for foreach() in /Users/ben.rey/websites/protechbw/wp-content/themes/motors/inc/visual_composer.php on line 5612
[17-Apr-2022 12:47:29 UTC] PHP Notice:  Trying to access array offset on value of type bool in /Users/ben.rey/websites/protechbw/wp-content/themes/motors/vc_templates/stm_image_link.php on line 29
[17-Apr-2022 12:47:29 UTC] PHP Notice:  Trying to access array offset on value of type bool in /Users/ben.rey/websites/protechbw/wp-content/themes/motors/vc_templates/stm_image_link.php on line 29
[17-Apr-2022 12:47:29 UTC] PHP Notice:  Trying to access array offset on value of type bool in /Users/ben.rey/websites/protechbw/wp-content/themes/motors/vc_templates/stm_image_link.php on line 29
[17-Apr-2022 12:47:29 UTC] PHP Notice:  Trying to access array offset on value of type bool in /Users/ben.rey/websites/protechbw/wp-content/themes/motors/vc_templates/stm_image_link.php on line 29
[17-Apr-2022 12:47:39 UTC] PHP Notice:  Trying to access array offset on value of type null in /Users/ben.rey/websites/protechbw/wp-content/themes/motors/inc/visual_composer.php on line 5612
[17-Apr-2022 12:47:39 UTC] PHP Warning:  Invalid argument supplied for foreach() in /Users/ben.rey/websites/protechbw/wp-content/themes/motors/inc/visual_composer.php on line 5612
[17-Apr-2022 12:49:25 UTC] PHP Deprecated:  block_categories is <strong>deprecated</strong> since version 5.8.0! Use block_categories_all instead. in /Users/ben.rey/websites/protechbw/wp-includes/functions.php on line 5698
[17-Apr-2022 12:49:25 UTC] PHP Deprecated:  block_categories is <strong>deprecated</strong> since version 5.8.0! Use block_categories_all instead. in /Users/ben.rey/websites/protechbw/wp-includes/functions.php on line 5698
[17-Apr-2022 12:53:41 UTC] PHP Notice:  Trying to access array offset on value of type bool in /Users/ben.rey/websites/protechbw/wp-content/themes/motors/vc_templates/stm_image_link.php on line 29
[17-Apr-2022 12:53:41 UTC] PHP Notice:  Trying to access array offset on value of type bool in /Users/ben.rey/websites/protechbw/wp-content/themes/motors/vc_templates/stm_image_link.php on line 29
[17-Apr-2022 12:53:41 UTC] PHP Notice:  Trying to access array offset on value of type bool in /Users/ben.rey/websites/protechbw/wp-content/themes/motors/vc_templates/stm_image_link.php on line 29
[17-Apr-2022 12:53:41 UTC] PHP Notice:  Trying to access array offset on value of type bool in /Users/ben.rey/websites/protechbw/wp-content/themes/motors/vc_templates/stm_image_link.php on line 29
[17-Apr-2022 12:53:50 UTC] PHP Notice:  Trying to access array offset on value of type null in /Users/ben.rey/websites/protechbw/wp-content/themes/motors/inc/visual_composer.php on line 5612
[17-Apr-2022 12:53:50 UTC] PHP Warning:  Invalid argument supplied for foreach() in /Users/ben.rey/websites/protechbw/wp-content/themes/motors/inc/visual_composer.php on line 5612
[17-Apr-2022 12:54:45 UTC] PHP Notice:  Trying to access array offset on value of type bool in /Users/ben.rey/websites/protechbw/wp-content/themes/motors/vc_templates/stm_image_link.php on line 29
[17-Apr-2022 12:54:45 UTC] PHP Notice:  Trying to access array offset on value of type bool in /Users/ben.rey/websites/protechbw/wp-content/themes/motors/vc_templates/stm_image_link.php on line 29
[17-Apr-2022 12:54:45 UTC] PHP Notice:  Trying to access array offset on value of type bool in /Users/ben.rey/websites/protechbw/wp-content/themes/motors/vc_templates/stm_image_link.php on line 29
[17-Apr-2022 12:54:45 UTC] PHP Notice:  Trying to access array offset on value of type bool in /Users/ben.rey/websites/protechbw/wp-content/themes/motors/vc_templates/stm_image_link.php on line 29
[17-Apr-2022 12:55:02 UTC] PHP Notice:  Trying to access array offset on value of type null in /Users/ben.rey/websites/protechbw/wp-content/themes/motors/inc/visual_composer.php on line 5612
[17-Apr-2022 12:55:02 UTC] PHP Warning:  Invalid argument supplied for foreach() in /Users/ben.rey/websites/protechbw/wp-content/themes/motors/inc/visual_composer.php on line 5612
[17-Apr-2022 12:55:45 UTC] PHP Notice:  Trying to access array offset on value of type null in /Users/ben.rey/websites/protechbw/wp-content/themes/motors/inc/visual_composer.php on line 5612
[17-Apr-2022 12:55:45 UTC] PHP Warning:  Invalid argument supplied for foreach() in /Users/ben.rey/websites/protechbw/wp-content/themes/motors/inc/visual_composer.php on line 5612
[17-Apr-2022 13:11:13 UTC] PHP Notice:  Trying to access array offset on value of type bool in /Users/ben.rey/websites/protechbw/wp-content/themes/motors/vc_templates/stm_image_link.php on line 29
[17-Apr-2022 13:11:13 UTC] PHP Notice:  Trying to access array offset on value of type bool in /Users/ben.rey/websites/protechbw/wp-content/themes/motors/vc_templates/stm_image_link.php on line 29
[17-Apr-2022 13:11:13 UTC] PHP Notice:  Trying to access array offset on value of type bool in /Users/ben.rey/websites/protechbw/wp-content/themes/motors/vc_templates/stm_image_link.php on line 29
[17-Apr-2022 13:11:13 UTC] PHP Notice:  Trying to access array offset on value of type bool in /Users/ben.rey/websites/protechbw/wp-content/themes/motors/vc_templates/stm_image_link.php on line 29
[17-Apr-2022 13:12:13 UTC] PHP Notice:  Trying to access array offset on value of type null in /Users/ben.rey/websites/protechbw/wp-content/themes/motors/inc/visual_composer.php on line 5612
[17-Apr-2022 13:12:13 UTC] PHP Warning:  Invalid argument supplied for foreach() in /Users/ben.rey/websites/protechbw/wp-content/themes/motors/inc/visual_composer.php on line 5612
[17-Apr-2022 13:12:44 UTC] PHP Notice:  Trying to access array offset on value of type bool in /Users/ben.rey/websites/protechbw/wp-content/themes/motors/vc_templates/stm_image_link.php on line 29
[17-Apr-2022 13:12:44 UTC] PHP Notice:  Trying to access array offset on value of type bool in /Users/ben.rey/websites/protechbw/wp-content/themes/motors/vc_templates/stm_image_link.php on line 29
[17-Apr-2022 13:12:44 UTC] PHP Notice:  Trying to access array offset on value of type bool in /Users/ben.rey/websites/protechbw/wp-content/themes/motors/vc_templates/stm_image_link.php on line 29
[17-Apr-2022 13:12:44 UTC] PHP Notice:  Trying to access array offset on value of type bool in /Users/ben.rey/websites/protechbw/wp-content/themes/motors/vc_templates/stm_image_link.php on line 29
[17-Apr-2022 13:13:15 UTC] PHP Notice:  Trying to access array offset on value of type bool in /Users/ben.rey/websites/protechbw/wp-content/themes/motors/vc_templates/stm_image_link.php on line 29
[17-Apr-2022 13:13:15 UTC] PHP Notice:  Trying to access array offset on value of type bool in /Users/ben.rey/websites/protechbw/wp-content/themes/motors/vc_templates/stm_image_link.php on line 29
[17-Apr-2022 13:13:15 UTC] PHP Notice:  Trying to access array offset on value of type bool in /Users/ben.rey/websites/protechbw/wp-content/themes/motors/vc_templates/stm_image_link.php on line 29
[17-Apr-2022 13:13:15 UTC] PHP Notice:  Trying to access array offset on value of type bool in /Users/ben.rey/websites/protechbw/wp-content/themes/motors/vc_templates/stm_image_link.php on line 29
[17-Apr-2022 13:14:12 UTC] PHP Notice:  Trying to access array offset on value of type bool in /Users/ben.rey/websites/protechbw/wp-content/themes/motors/vc_templates/stm_image_link.php on line 29
[17-Apr-2022 13:14:12 UTC] PHP Notice:  Trying to access array offset on value of type bool in /Users/ben.rey/websites/protechbw/wp-content/themes/motors/vc_templates/stm_image_link.php on line 29
[17-Apr-2022 13:14:12 UTC] PHP Notice:  Trying to access array offset on value of type bool in /Users/ben.rey/websites/protechbw/wp-content/themes/motors/vc_templates/stm_image_link.php on line 29
[17-Apr-2022 13:14:12 UTC] PHP Notice:  Trying to access array offset on value of type bool in /Users/ben.rey/websites/protechbw/wp-content/themes/motors/vc_templates/stm_image_link.php on line 29
[17-Apr-2022 13:14:23 UTC] PHP Notice:  Trying to access array offset on value of type bool in /Users/ben.rey/websites/protechbw/wp-content/themes/motors/vc_templates/stm_image_link.php on line 29
[17-Apr-2022 13:14:23 UTC] PHP Notice:  Trying to access array offset on value of type bool in /Users/ben.rey/websites/protechbw/wp-content/themes/motors/vc_templates/stm_image_link.php on line 29
[17-Apr-2022 13:14:23 UTC] PHP Notice:  Trying to access array offset on value of type bool in /Users/ben.rey/websites/protechbw/wp-content/themes/motors/vc_templates/stm_image_link.php on line 29
[17-Apr-2022 13:14:23 UTC] PHP Notice:  Trying to access array offset on value of type bool in /Users/ben.rey/websites/protechbw/wp-content/themes/motors/vc_templates/stm_image_link.php on line 29
[17-Apr-2022 20:56:56 UTC] PHP Notice:  Trying to access array offset on value of type bool in /Users/ben.rey/websites/protechbw/wp-content/themes/motors/vc_templates/stm_image_link.php on line 29
[17-Apr-2022 20:56:56 UTC] PHP Notice:  Trying to access array offset on value of type bool in /Users/ben.rey/websites/protechbw/wp-content/themes/motors/vc_templates/stm_image_link.php on line 29
[17-Apr-2022 20:56:56 UTC] PHP Notice:  Trying to access array offset on value of type bool in /Users/ben.rey/websites/protechbw/wp-content/themes/motors/vc_templates/stm_image_link.php on line 29
[17-Apr-2022 20:56:56 UTC] PHP Notice:  Trying to access array offset on value of type bool in /Users/ben.rey/websites/protechbw/wp-content/themes/motors/vc_templates/stm_image_link.php on line 29
[18-Apr-2022 06:40:08 UTC] PHP Notice:  Trying to access array offset on value of type bool in /Users/ben.rey/websites/protechbw/wp-content/themes/motors/vc_templates/stm_image_link.php on line 29
[18-Apr-2022 06:40:08 UTC] PHP Notice:  Trying to access array offset on value of type bool in /Users/ben.rey/websites/protechbw/wp-content/themes/motors/vc_templates/stm_image_link.php on line 29
[18-Apr-2022 06:40:08 UTC] PHP Notice:  Trying to access array offset on value of type bool in /Users/ben.rey/websites/protechbw/wp-content/themes/motors/vc_templates/stm_image_link.php on line 29
[18-Apr-2022 06:40:08 UTC] PHP Notice:  Trying to access array offset on value of type bool in /Users/ben.rey/websites/protechbw/wp-content/themes/motors/vc_templates/stm_image_link.php on line 29
